This file contains any messages produced by compilers while
running configure, to aid debugging if configure makes a mistake.

It was created by rcssmonitor_frameview configure 14.0.0, which was
generated by GNU Autoconf 2.64.  Invocation command line was

  $ ./configure 

## --------- ##
## Platform. ##
## --------- ##

hostname = prakhar-Inspiron-7520
uname -m = x86_64
uname -r = 3.13.0-35-generic
uname -s = Linux
uname -v = #62-Ubuntu SMP Fri Aug 15 01:58:42 UTC 2014

/usr/bin/uname -p = unknown
/bin/uname -X     = unknown

/bin/arch              = unknown
/usr/bin/arch -k       = unknown
/usr/convex/getsysinfo = unknown
/usr/bin/hostinfo      = unknown
/bin/machine           = unknown
/usr/bin/oslevel       = unknown
/bin/universe          = unknown

PATH: /usr/local/heroku/bin
PATH: /usr/local/sbin
PATH: /usr/local/bin
PATH: /usr/sbin
PATH: /usr/bin
PATH: /sbin
PATH: /bin
PATH: /usr/games
PATH: /usr/local/games


## ----------- ##
## Core tests. ##
## ----------- ##

configure:2360: checking for a BSD-compatible install
configure:2428: result: /usr/bin/install -c
configure:2439: checking whether build environment is sane
configure:2489: result: yes
configure:2630: checking for a thread-safe mkdir -p
configure:2669: result: /bin/mkdir -p
configure:2682: checking for gawk
configure:2712: result: no
configure:2682: checking for mawk
configure:2698: found /usr/bin/mawk
configure:2709: result: mawk
configure:2720: checking whether make sets $(MAKE)
configure:2742: result: yes
configure:2875: checking for gcc
configure:2891: found /usr/bin/gcc
configure:2902: result: gcc
configure:3131: checking for C compiler version
configure:3140: gcc --version >&5
gcc-4.8.real (Ubuntu 4.8.2-19ubuntu1) 4.8.2
Copyright (C) 2013 Free Software Foundation, Inc.
This is free software; see the source for copying conditions.  There is NO
warranty; not even for MERCHANTABILITY or FITNESS FOR A PARTICULAR PURPOSE.

configure:3151: $? = 0
configure:3140: gcc -v >&5
Using built-in specs.
COLLECT_GCC=/usr/bin/gcc-4.8.real
COLLECT_LTO_WRAPPER=/usr/lib/gcc/x86_64-linux-gnu/4.8/lto-wrapper
Target: x86_64-linux-gnu
Configured with: ../src/configure -v --with-pkgversion='Ubuntu 4.8.2-19ubuntu1' --with-bugurl=file:///usr/share/doc/gcc-4.8/README.Bugs --enable-languages=c,c++,java,go,d,fortran,objc,obj-c++ --prefix=/usr --program-suffix=-4.8 --enable-shared --enable-linker-build-id --libexecdir=/usr/lib --without-included-gettext --enable-threads=posix --with-gxx-include-dir=/usr/include/c++/4.8 --libdir=/usr/lib --enable-nls --with-sysroot=/ --enable-clocale=gnu --enable-libstdcxx-debug --enable-libstdcxx-time=yes --enable-gnu-unique-object --disable-libmudflap --enable-plugin --with-system-zlib --disable-browser-plugin --enable-java-awt=gtk --enable-gtk-cairo --with-java-home=/usr/lib/jvm/java-1.5.0-gcj-4.8-amd64/jre --enable-java-home --with-jvm-root-dir=/usr/lib/jvm/java-1.5.0-gcj-4.8-amd64 --with-jvm-jar-dir=/usr/lib/jvm-exports/java-1.5.0-gcj-4.8-amd64 --with-arch-directory=amd64 --with-ecj-jar=/usr/share/java/eclipse-ecj.jar --enable-objc-gc --enable-multiarch --disable-werror --with-arch-32=i686 --with-abi=m64 --with-multilib-list=m32,m64,mx32 --with-tune=generic --enable-checking=release --build=x86_64-linux-gnu --host=x86_64-linux-gnu --target=x86_64-linux-gnu
Thread model: posix
gcc version 4.8.2 (Ubuntu 4.8.2-19ubuntu1) 
configure:3151: $? = 0
configure:3140: gcc -V >&5
gcc-4.8.real: error: unrecognized command line option '-V'
gcc-4.8.real: fatal error: no input files
compilation terminated.
configure:3151: $? = 4
configure:3140: gcc -qversion >&5
gcc-4.8.real: error: unrecognized command line option '-qversion'
gcc-4.8.real: fatal error: no input files
compilation terminated.
configure:3151: $? = 4
configure:3173: checking for C compiler default output file name
configure:3195: gcc    conftest.c  >&5
configure:3199: $? = 0
configure:3236: result: a.out
configure:3252: checking whether the C compiler works
configure:3261: ./a.out
configure:3265: $? = 0
configure:3280: result: yes
configure:3287: checking whether we are cross compiling
configure:3289: result: no
configure:3292: checking for suffix of executables
configure:3299: gcc -o conftest    conftest.c  >&5
configure:3303: $? = 0
configure:3325: result: 
configure:3331: checking for suffix of object files
configure:3353: gcc -c   conftest.c >&5
configure:3357: $? = 0
configure:3378: result: o
configure:3382: checking whether we are using the GNU C compiler
configure:3401: gcc -c   conftest.c >&5
configure:3401: $? = 0
configure:3410: result: yes
configure:3419: checking whether gcc accepts -g
configure:3439: gcc -c -g  conftest.c >&5
configure:3439: $? = 0
configure:3480: result: yes
configure:3497: checking for gcc option to accept ISO C89
configure:3561: gcc  -c -g -O2  conftest.c >&5
configure:3561: $? = 0
configure:3574: result: none needed
configure:3605: checking for style of include used by make
configure:3633: result: GNU
configure:3658: checking dependency style of gcc
configure:3768: result: gcc3
configure:3788: checking how to run the C preprocessor
configure:3819: gcc -E  conftest.c
configure:3819: $? = 0
configure:3833: gcc -E  conftest.c
conftest.c:11:28: fatal error: ac_nonexistent.h: No such file or directory
 #include <ac_nonexistent.h>
                            ^
compilation terminated.
configure:3833: $? = 1
configure: failed program was:
| /* confdefs.h */
| #define PACKAGE_NAME "rcssmonitor_frameview"
| #define PACKAGE_TARNAME "rcssmonitor_frameview"
| #define PACKAGE_VERSION "14.0.0"
| #define PACKAGE_STRING "rcssmonitor_frameview 14.0.0"
| #define PACKAGE_BUGREPORT "sserver-admin@users.sf.net"
| #define PACKAGE_URL ""
| #define PACKAGE "rcssmonitor_frameview"
| #define VERSION "14.0.0"
| /* end confdefs.h.  */
| #include <ac_nonexistent.h>
configure:3858: result: gcc -E
configure:3878: gcc -E  conftest.c
configure:3878: $? = 0
configure:3892: gcc -E  conftest.c
conftest.c:11:28: fatal error: ac_nonexistent.h: No such file or directory
 #include <ac_nonexistent.h>
                            ^
compilation terminated.
configure:3892: $? = 1
configure: failed program was:
| /* confdefs.h */
| #define PACKAGE_NAME "rcssmonitor_frameview"
| #define PACKAGE_TARNAME "rcssmonitor_frameview"
| #define PACKAGE_VERSION "14.0.0"
| #define PACKAGE_STRING "rcssmonitor_frameview 14.0.0"
| #define PACKAGE_BUGREPORT "sserver-admin@users.sf.net"
| #define PACKAGE_URL ""
| #define PACKAGE "rcssmonitor_frameview"
| #define VERSION "14.0.0"
| /* end confdefs.h.  */
| #include <ac_nonexistent.h>
configure:3978: checking for g++
configure:3994: found /usr/bin/g++
configure:4005: result: g++
configure:4032: checking for C++ compiler version
configure:4041: g++ --version >&5
g++-4.8.real (Ubuntu 4.8.2-19ubuntu1) 4.8.2
Copyright (C) 2013 Free Software Foundation, Inc.
This is free software; see the source for copying conditions.  There is NO
warranty; not even for MERCHANTABILITY or FITNESS FOR A PARTICULAR PURPOSE.

configure:4052: $? = 0
configure:4041: g++ -v >&5
Using built-in specs.
COLLECT_GCC=/usr/bin/g++-4.8.real
COLLECT_LTO_WRAPPER=/usr/lib/gcc/x86_64-linux-gnu/4.8/lto-wrapper
Target: x86_64-linux-gnu
Configured with: ../src/configure -v --with-pkgversion='Ubuntu 4.8.2-19ubuntu1' --with-bugurl=file:///usr/share/doc/gcc-4.8/README.Bugs --enable-languages=c,c++,java,go,d,fortran,objc,obj-c++ --prefix=/usr --program-suffix=-4.8 --enable-shared --enable-linker-build-id --libexecdir=/usr/lib --without-included-gettext --enable-threads=posix --with-gxx-include-dir=/usr/include/c++/4.8 --libdir=/usr/lib --enable-nls --with-sysroot=/ --enable-clocale=gnu --enable-libstdcxx-debug --enable-libstdcxx-time=yes --enable-gnu-unique-object --disable-libmudflap --enable-plugin --with-system-zlib --disable-browser-plugin --enable-java-awt=gtk --enable-gtk-cairo --with-java-home=/usr/lib/jvm/java-1.5.0-gcj-4.8-amd64/jre --enable-java-home --with-jvm-root-dir=/usr/lib/jvm/java-1.5.0-gcj-4.8-amd64 --with-jvm-jar-dir=/usr/lib/jvm-exports/java-1.5.0-gcj-4.8-amd64 --with-arch-directory=amd64 --with-ecj-jar=/usr/share/java/eclipse-ecj.jar --enable-objc-gc --enable-multiarch --disable-werror --with-arch-32=i686 --with-abi=m64 --with-multilib-list=m32,m64,mx32 --with-tune=generic --enable-checking=release --build=x86_64-linux-gnu --host=x86_64-linux-gnu --target=x86_64-linux-gnu
Thread model: posix
gcc version 4.8.2 (Ubuntu 4.8.2-19ubuntu1) 
configure:4052: $? = 0
configure:4041: g++ -V >&5
g++-4.8.real: error: unrecognized command line option '-V'
g++-4.8.real: fatal error: no input files
compilation terminated.
configure:4052: $? = 4
configure:4041: g++ -qversion >&5
g++-4.8.real: error: unrecognized command line option '-qversion'
g++-4.8.real: fatal error: no input files
compilation terminated.
configure:4052: $? = 4
configure:4056: checking whether we are using the GNU C++ compiler
configure:4075: g++ -c   conftest.cpp >&5
configure:4075: $? = 0
configure:4084: result: yes
configure:4093: checking whether g++ accepts -g
configure:4113: g++ -c -g  conftest.cpp >&5
configure:4113: $? = 0
configure:4154: result: yes
configure:4179: checking dependency style of g++
configure:4289: result: gcc3
configure:4304: checking whether make sets $(MAKE)
configure:4326: result: yes
configure:4337: checking for cos in -lm
configure:4362: gcc -o conftest -g -O2   conftest.c -lm   >&5
conftest.c:18:6: warning: conflicting types for built-in function 'cos' [enabled by default]
 char cos ();
      ^
configure:4362: $? = 0
configure:4371: result: yes
configure:4384: checking for grep that handles long lines and -e
configure:4442: result: /bin/grep
configure:4447: checking for egrep
configure:4509: result: /bin/grep -E
configure:4514: checking for ANSI C header files
configure:4534: gcc -c -g -O2  conftest.c >&5
configure:4534: $? = 0
configure:4607: gcc -o conftest -g -O2   conftest.c -lm  >&5
configure:4607: $? = 0
configure:4607: ./conftest
configure:4607: $? = 0
configure:4618: result: yes
configure:4631: checking for sys/types.h
configure:4631: gcc -c -g -O2  conftest.c >&5
configure:4631: $? = 0
configure:4631: result: yes
configure:4631: checking for sys/stat.h
configure:4631: gcc -c -g -O2  conftest.c >&5
configure:4631: $? = 0
configure:4631: result: yes
configure:4631: checking for stdlib.h
configure:4631: gcc -c -g -O2  conftest.c >&5
configure:4631: $? = 0
configure:4631: result: yes
configure:4631: checking for string.h
configure:4631: gcc -c -g -O2  conftest.c >&5
configure:4631: $? = 0
configure:4631: result: yes
configure:4631: checking for memory.h
configure:4631: gcc -c -g -O2  conftest.c >&5
configure:4631: $? = 0
configure:4631: result: yes
configure:4631: checking for strings.h
configure:4631: gcc -c -g -O2  conftest.c >&5
configure:4631: $? = 0
configure:4631: result: yes
configure:4631: checking for inttypes.h
configure:4631: gcc -c -g -O2  conftest.c >&5
configure:4631: $? = 0
configure:4631: result: yes
configure:4631: checking for stdint.h
configure:4631: gcc -c -g -O2  conftest.c >&5
configure:4631: $? = 0
configure:4631: result: yes
configure:4631: checking for unistd.h
configure:4631: gcc -c -g -O2  conftest.c >&5
configure:4631: $? = 0
configure:4631: result: yes
configure:4647: checking arpa/inet.h usability
configure:4647: gcc -c -g -O2  conftest.c >&5
configure:4647: $? = 0
configure:4647: result: yes
configure:4647: checking arpa/inet.h presence
configure:4647: gcc -E  conftest.c
configure:4647: $? = 0
configure:4647: result: yes
configure:4647: checking for arpa/inet.h
configure:4647: result: yes
configure:4647: checking fcntl.h usability
configure:4647: gcc -c -g -O2  conftest.c >&5
configure:4647: $? = 0
configure:4647: result: yes
configure:4647: checking fcntl.h presence
configure:4647: gcc -E  conftest.c
configure:4647: $? = 0
configure:4647: result: yes
configure:4647: checking for fcntl.h
configure:4647: result: yes
configure:4647: checking netdb.h usability
configure:4647: gcc -c -g -O2  conftest.c >&5
configure:4647: $? = 0
configure:4647: result: yes
configure:4647: checking netdb.h presence
configure:4647: gcc -E  conftest.c
configure:4647: $? = 0
configure:4647: result: yes
configure:4647: checking for netdb.h
configure:4647: result: yes
configure:4647: checking netinet/in.h usability
configure:4647: gcc -c -g -O2  conftest.c >&5
configure:4647: $? = 0
configure:4647: result: yes
configure:4647: checking netinet/in.h presence
configure:4647: gcc -E  conftest.c
configure:4647: $? = 0
configure:4647: result: yes
configure:4647: checking for netinet/in.h
configure:4647: result: yes
configure:4647: checking sys/ioctl.h usability
configure:4647: gcc -c -g -O2  conftest.c >&5
configure:4647: $? = 0
configure:4647: result: yes
configure:4647: checking sys/ioctl.h presence
configure:4647: gcc -E  conftest.c
configure:4647: $? = 0
configure:4647: result: yes
configure:4647: checking for sys/ioctl.h
configure:4647: result: yes
configure:4647: checking sys/socket.h usability
configure:4647: gcc -c -g -O2  conftest.c >&5
configure:4647: $? = 0
configure:4647: result: yes
configure:4647: checking sys/socket.h presence
configure:4647: gcc -E  conftest.c
configure:4647: $? = 0
configure:4647: result: yes
configure:4647: checking for sys/socket.h
configure:4647: result: yes
configure:4647: checking sys/time.h usability
configure:4647: gcc -c -g -O2  conftest.c >&5
configure:4647: $? = 0
configure:4647: result: yes
configure:4647: checking sys/time.h presence
configure:4647: gcc -E  conftest.c
configure:4647: $? = 0
configure:4647: result: yes
configure:4647: checking for sys/time.h
configure:4647: result: yes
configure:4647: checking for unistd.h
configure:4647: result: yes
configure:4660: checking linux/joystick.h usability
configure:4660: gcc -c -g -O2  conftest.c >&5
configure:4660: $? = 0
configure:4660: result: yes
configure:4660: checking linux/joystick.h presence
configure:4660: gcc -E  conftest.c
configure:4660: $? = 0
configure:4660: result: yes
configure:4660: checking for linux/joystick.h
configure:4660: result: yes
configure:4681: checking whether the compiler implements namespaces
configure:4704: g++ -c -g -O2  conftest.cpp >&5
configure:4704: $? = 0
configure:4718: result: yes
configure:4726: checking whether the compiler has stringstream
configure:4753: g++ -c -g -O2  conftest.cpp >&5
configure:4753: $? = 0
configure:4767: result: yes
configure:4778: checking for stdbool.h that conforms to C99
configure:4863: gcc -c -g -O2  conftest.c >&5
configure:4863: $? = 0
configure:4870: result: yes
configure:4872: checking for _Bool
configure:4872: gcc -c -g -O2  conftest.c >&5
configure:4872: $? = 0
configure:4872: gcc -c -g -O2  conftest.c >&5
conftest.c: In function 'main':
conftest.c:69:20: error: expected expression before ')' token
 if (sizeof ((_Bool)))
                    ^
configure:4872: $? = 1
configure: failed program was:
| /* confdefs.h */
| #define PACKAGE_NAME "rcssmonitor_frameview"
| #define PACKAGE_TARNAME "rcssmonitor_frameview"
| #define PACKAGE_VERSION "14.0.0"
| #define PACKAGE_STRING "rcssmonitor_frameview 14.0.0"
| #define PACKAGE_BUGREPORT "sserver-admin@users.sf.net"
| #define PACKAGE_URL ""
| #define PACKAGE "rcssmonitor_frameview"
| #define VERSION "14.0.0"
| #define HAVE_LIBM 1
| #define STDC_HEADERS 1
| #define HAVE_SYS_TYPES_H 1
| #define HAVE_SYS_STAT_H 1
| #define HAVE_STDLIB_H 1
| #define HAVE_STRING_H 1
| #define HAVE_MEMORY_H 1
| #define HAVE_STRINGS_H 1
| #define HAVE_INTTYPES_H 1
| #define HAVE_STDINT_H 1
| #define HAVE_UNISTD_H 1
| #define HAVE_ARPA_INET_H 1
| #define HAVE_FCNTL_H 1
| #define HAVE_NETDB_H 1
| #define HAVE_NETINET_IN_H 1
| #define HAVE_SYS_IOCTL_H 1
| #define HAVE_SYS_SOCKET_H 1
| #define HAVE_SYS_TIME_H 1
| #define HAVE_UNISTD_H 1
| #define HAVE_LINUX_JOYSTICK_H 1
| #define HAVE_NAMESPACES /**/
| #define HAVE_SSTREAM /**/
| /* end confdefs.h.  */
| #include <stdio.h>
| #ifdef HAVE_SYS_TYPES_H
| # include <sys/types.h>
| #endif
| #ifdef HAVE_SYS_STAT_H
| # include <sys/stat.h>
| #endif
| #ifdef STDC_HEADERS
| # include <stdlib.h>
| # include <stddef.h>
| #else
| # ifdef HAVE_STDLIB_H
| #  include <stdlib.h>
| # endif
| #endif
| #ifdef HAVE_STRING_H
| # if !defined STDC_HEADERS && defined HAVE_MEMORY_H
| #  include <memory.h>
| # endif
| # include <string.h>
| #endif
| #ifdef HAVE_STRINGS_H
| # include <strings.h>
| #endif
| #ifdef HAVE_INTTYPES_H
| # include <inttypes.h>
| #endif
| #ifdef HAVE_STDINT_H
| # include <stdint.h>
| #endif
| #ifdef HAVE_UNISTD_H
| # include <unistd.h>
| #endif
| int
| main ()
| {
| if (sizeof ((_Bool)))
| 	    return 0;
|   ;
|   return 0;
| }
configure:4872: result: yes
configure:4888: checking for an ANSI C-conforming const
configure:4953: gcc -c -g -O2  conftest.c >&5
configure:4953: $? = 0
configure:4960: result: yes
configure:4968: checking for inline
configure:4984: gcc -c -g -O2  conftest.c >&5
configure:4984: $? = 0
configure:4992: result: inline
configure:5010: checking for int16_t
configure:5010: gcc -c -g -O2  conftest.c >&5
configure:5010: $? = 0
configure:5010: gcc -c -g -O2  conftest.c >&5
conftest.c: In function 'main':
conftest.c:71:12: error: size of array 'test_array' is negative
 static int test_array [1 - 2 * !((int16_t) ((((int16_t) 1 << (16 - 2)) - 1) * 2 + 1)
            ^
configure:5010: $? = 1
configure: failed program was:
| /* confdefs.h */
| #define PACKAGE_NAME "rcssmonitor_frameview"
| #define PACKAGE_TARNAME "rcssmonitor_frameview"
| #define PACKAGE_VERSION "14.0.0"
| #define PACKAGE_STRING "rcssmonitor_frameview 14.0.0"
| #define PACKAGE_BUGREPORT "sserver-admin@users.sf.net"
| #define PACKAGE_URL ""
| #define PACKAGE "rcssmonitor_frameview"
| #define VERSION "14.0.0"
| #define HAVE_LIBM 1
| #define STDC_HEADERS 1
| #define HAVE_SYS_TYPES_H 1
| #define HAVE_SYS_STAT_H 1
| #define HAVE_STDLIB_H 1
| #define HAVE_STRING_H 1
| #define HAVE_MEMORY_H 1
| #define HAVE_STRINGS_H 1
| #define HAVE_INTTYPES_H 1
| #define HAVE_STDINT_H 1
| #define HAVE_UNISTD_H 1
| #define HAVE_ARPA_INET_H 1
| #define HAVE_FCNTL_H 1
| #define HAVE_NETDB_H 1
| #define HAVE_NETINET_IN_H 1
| #define HAVE_SYS_IOCTL_H 1
| #define HAVE_SYS_SOCKET_H 1
| #define HAVE_SYS_TIME_H 1
| #define HAVE_UNISTD_H 1
| #define HAVE_LINUX_JOYSTICK_H 1
| #define HAVE_NAMESPACES /**/
| #define HAVE_SSTREAM /**/
| #define HAVE__BOOL 1
| #define HAVE_STDBOOL_H 1
| /* end confdefs.h.  */
| #include <stdio.h>
| #ifdef HAVE_SYS_TYPES_H
| # include <sys/types.h>
| #endif
| #ifdef HAVE_SYS_STAT_H
| # include <sys/stat.h>
| #endif
| #ifdef STDC_HEADERS
| # include <stdlib.h>
| # include <stddef.h>
| #else
| # ifdef HAVE_STDLIB_H
| #  include <stdlib.h>
| # endif
| #endif
| #ifdef HAVE_STRING_H
| # if !defined STDC_HEADERS && defined HAVE_MEMORY_H
| #  include <memory.h>
| # endif
| # include <string.h>
| #endif
| #ifdef HAVE_STRINGS_H
| # include <strings.h>
| #endif
| #ifdef HAVE_INTTYPES_H
| # include <inttypes.h>
| #endif
| #ifdef HAVE_STDINT_H
| # include <stdint.h>
| #endif
| #ifdef HAVE_UNISTD_H
| # include <unistd.h>
| #endif
| int
| main ()
| {
| static int test_array [1 - 2 * !((int16_t) ((((int16_t) 1 << (16 - 2)) - 1) * 2 + 1)
| 		 < (int16_t) ((((int16_t) 1 << (16 - 2)) - 1) * 2 + 2))];
| test_array [0] = 0
| 
|   ;
|   return 0;
| }
configure:5010: result: yes
configure:5021: checking for int32_t
configure:5021: gcc -c -g -O2  conftest.c >&5
configure:5021: $? = 0
configure:5021: gcc -c -g -O2  conftest.c >&5
conftest.c: In function 'main':
conftest.c:72:53: warning: integer overflow in expression [-Woverflow]
    < (int32_t) ((((int32_t) 1 << (32 - 2)) - 1) * 2 + 2))];
                                                     ^
conftest.c:71:12: error: storage size of 'test_array' isn't constant
 static int test_array [1 - 2 * !((int32_t) ((((int32_t) 1 << (32 - 2)) - 1) * 2 + 1)
            ^
configure:5021: $? = 1
configure: failed program was:
| /* confdefs.h */
| #define PACKAGE_NAME "rcssmonitor_frameview"
| #define PACKAGE_TARNAME "rcssmonitor_frameview"
| #define PACKAGE_VERSION "14.0.0"
| #define PACKAGE_STRING "rcssmonitor_frameview 14.0.0"
| #define PACKAGE_BUGREPORT "sserver-admin@users.sf.net"
| #define PACKAGE_URL ""
| #define PACKAGE "rcssmonitor_frameview"
| #define VERSION "14.0.0"
| #define HAVE_LIBM 1
| #define STDC_HEADERS 1
| #define HAVE_SYS_TYPES_H 1
| #define HAVE_SYS_STAT_H 1
| #define HAVE_STDLIB_H 1
| #define HAVE_STRING_H 1
| #define HAVE_MEMORY_H 1
| #define HAVE_STRINGS_H 1
| #define HAVE_INTTYPES_H 1
| #define HAVE_STDINT_H 1
| #define HAVE_UNISTD_H 1
| #define HAVE_ARPA_INET_H 1
| #define HAVE_FCNTL_H 1
| #define HAVE_NETDB_H 1
| #define HAVE_NETINET_IN_H 1
| #define HAVE_SYS_IOCTL_H 1
| #define HAVE_SYS_SOCKET_H 1
| #define HAVE_SYS_TIME_H 1
| #define HAVE_UNISTD_H 1
| #define HAVE_LINUX_JOYSTICK_H 1
| #define HAVE_NAMESPACES /**/
| #define HAVE_SSTREAM /**/
| #define HAVE__BOOL 1
| #define HAVE_STDBOOL_H 1
| /* end confdefs.h.  */
| #include <stdio.h>
| #ifdef HAVE_SYS_TYPES_H
| # include <sys/types.h>
| #endif
| #ifdef HAVE_SYS_STAT_H
| # include <sys/stat.h>
| #endif
| #ifdef STDC_HEADERS
| # include <stdlib.h>
| # include <stddef.h>
| #else
| # ifdef HAVE_STDLIB_H
| #  include <stdlib.h>
| # endif
| #endif
| #ifdef HAVE_STRING_H
| # if !defined STDC_HEADERS && defined HAVE_MEMORY_H
| #  include <memory.h>
| # endif
| # include <string.h>
| #endif
| #ifdef HAVE_STRINGS_H
| # include <strings.h>
| #endif
| #ifdef HAVE_INTTYPES_H
| # include <inttypes.h>
| #endif
| #ifdef HAVE_STDINT_H
| # include <stdint.h>
| #endif
| #ifdef HAVE_UNISTD_H
| # include <unistd.h>
| #endif
| int
| main ()
| {
| static int test_array [1 - 2 * !((int32_t) ((((int32_t) 1 << (32 - 2)) - 1) * 2 + 1)
| 		 < (int32_t) ((((int32_t) 1 << (32 - 2)) - 1) * 2 + 2))];
| test_array [0] = 0
| 
|   ;
|   return 0;
| }
configure:5021: result: yes
configure:5032: checking for size_t
configure:5032: gcc -c -g -O2  conftest.c >&5
configure:5032: $? = 0
configure:5032: gcc -c -g -O2  conftest.c >&5
conftest.c: In function 'main':
conftest.c:71:21: error: expected expression before ')' token
 if (sizeof ((size_t)))
                     ^
configure:5032: $? = 1
configure: failed program was:
| /* confdefs.h */
| #define PACKAGE_NAME "rcssmonitor_frameview"
| #define PACKAGE_TARNAME "rcssmonitor_frameview"
| #define PACKAGE_VERSION "14.0.0"
| #define PACKAGE_STRING "rcssmonitor_frameview 14.0.0"
| #define PACKAGE_BUGREPORT "sserver-admin@users.sf.net"
| #define PACKAGE_URL ""
| #define PACKAGE "rcssmonitor_frameview"
| #define VERSION "14.0.0"
| #define HAVE_LIBM 1
| #define STDC_HEADERS 1
| #define HAVE_SYS_TYPES_H 1
| #define HAVE_SYS_STAT_H 1
| #define HAVE_STDLIB_H 1
| #define HAVE_STRING_H 1
| #define HAVE_MEMORY_H 1
| #define HAVE_STRINGS_H 1
| #define HAVE_INTTYPES_H 1
| #define HAVE_STDINT_H 1
| #define HAVE_UNISTD_H 1
| #define HAVE_ARPA_INET_H 1
| #define HAVE_FCNTL_H 1
| #define HAVE_NETDB_H 1
| #define HAVE_NETINET_IN_H 1
| #define HAVE_SYS_IOCTL_H 1
| #define HAVE_SYS_SOCKET_H 1
| #define HAVE_SYS_TIME_H 1
| #define HAVE_UNISTD_H 1
| #define HAVE_LINUX_JOYSTICK_H 1
| #define HAVE_NAMESPACES /**/
| #define HAVE_SSTREAM /**/
| #define HAVE__BOOL 1
| #define HAVE_STDBOOL_H 1
| /* end confdefs.h.  */
| #include <stdio.h>
| #ifdef HAVE_SYS_TYPES_H
| # include <sys/types.h>
| #endif
| #ifdef HAVE_SYS_STAT_H
| # include <sys/stat.h>
| #endif
| #ifdef STDC_HEADERS
| # include <stdlib.h>
| # include <stddef.h>
| #else
| # ifdef HAVE_STDLIB_H
| #  include <stdlib.h>
| # endif
| #endif
| #ifdef HAVE_STRING_H
| # if !defined STDC_HEADERS && defined HAVE_MEMORY_H
| #  include <memory.h>
| # endif
| # include <string.h>
| #endif
| #ifdef HAVE_STRINGS_H
| # include <strings.h>
| #endif
| #ifdef HAVE_INTTYPES_H
| # include <inttypes.h>
| #endif
| #ifdef HAVE_STDINT_H
| # include <stdint.h>
| #endif
| #ifdef HAVE_UNISTD_H
| # include <unistd.h>
| #endif
| int
| main ()
| {
| if (sizeof ((size_t)))
| 	    return 0;
|   ;
|   return 0;
| }
configure:5032: result: yes
configure:5043: checking whether time.h and sys/time.h may both be included
configure:5063: gcc -c -g -O2  conftest.c >&5
configure:5063: $? = 0
configure:5070: result: yes
configure:5079: checking for socklen_t
configure:5079: gcc -c -g -O2  conftest.c >&5
configure:5079: $? = 0
configure:5079: gcc -c -g -O2  conftest.c >&5
conftest.c: In function 'main':
conftest.c:44:24: error: expected expression before ')' token
 if (sizeof ((socklen_t)))
                        ^
configure:5079: $? = 1
configure: failed program was:
| /* confdefs.h */
| #define PACKAGE_NAME "rcssmonitor_frameview"
| #define PACKAGE_TARNAME "rcssmonitor_frameview"
| #define PACKAGE_VERSION "14.0.0"
| #define PACKAGE_STRING "rcssmonitor_frameview 14.0.0"
| #define PACKAGE_BUGREPORT "sserver-admin@users.sf.net"
| #define PACKAGE_URL ""
| #define PACKAGE "rcssmonitor_frameview"
| #define VERSION "14.0.0"
| #define HAVE_LIBM 1
| #define STDC_HEADERS 1
| #define HAVE_SYS_TYPES_H 1
| #define HAVE_SYS_STAT_H 1
| #define HAVE_STDLIB_H 1
| #define HAVE_STRING_H 1
| #define HAVE_MEMORY_H 1
| #define HAVE_STRINGS_H 1
| #define HAVE_INTTYPES_H 1
| #define HAVE_STDINT_H 1
| #define HAVE_UNISTD_H 1
| #define HAVE_ARPA_INET_H 1
| #define HAVE_FCNTL_H 1
| #define HAVE_NETDB_H 1
| #define HAVE_NETINET_IN_H 1
| #define HAVE_SYS_IOCTL_H 1
| #define HAVE_SYS_SOCKET_H 1
| #define HAVE_SYS_TIME_H 1
| #define HAVE_UNISTD_H 1
| #define HAVE_LINUX_JOYSTICK_H 1
| #define HAVE_NAMESPACES /**/
| #define HAVE_SSTREAM /**/
| #define HAVE__BOOL 1
| #define HAVE_STDBOOL_H 1
| #define TIME_WITH_SYS_TIME 1
| /* end confdefs.h.  */
| 
| #include <sys/types.h>
| #include <sys/socket.h>
| 
| 
| int
| main ()
| {
| if (sizeof ((socklen_t)))
| 	    return 0;
|   ;
|   return 0;
| }
configure:5079: result: yes
configure:5095: checking whether gcc needs -traditional
configure:5129: result: no
configure:5136: checking for ANSI C header files
configure:5240: result: yes
configure:5251: checking sys/select.h usability
configure:5251: gcc -c -g -O2  conftest.c >&5
configure:5251: $? = 0
configure:5251: result: yes
configure:5251: checking sys/select.h presence
configure:5251: gcc -E  conftest.c
configure:5251: $? = 0
configure:5251: result: yes
configure:5251: checking for sys/select.h
configure:5251: result: yes
configure:5251: checking for sys/socket.h
configure:5251: result: yes
configure:5262: checking types of arguments for select
configure:5290: gcc -c -g -O2  conftest.c >&5
configure:5290: $? = 0
configure:5301: result: int,fd_set *,struct timeval *
configure:5324: checking for working strtod
configure:5365: gcc -o conftest -g -O2   conftest.c -lm  >&5
configure:5365: $? = 0
configure:5365: ./conftest
configure:5365: $? = 0
configure:5375: result: yes
configure:5440: checking for floor
configure:5440: gcc -o conftest -g -O2   conftest.c -lm  >&5
conftest.c:66:6: warning: conflicting types for built-in function 'floor' [enabled by default]
 char floor ();
      ^
configure:5440: $? = 0
configure:5440: result: yes
configure:5440: checking for gethostbyname
configure:5440: gcc -o conftest -g -O2   conftest.c -lm  >&5
configure:5440: $? = 0
configure:5440: result: yes
configure:5440: checking for gettimeofday
configure:5440: gcc -o conftest -g -O2   conftest.c -lm  >&5
configure:5440: $? = 0
configure:5440: result: yes
configure:5440: checking for inet_ntoa
configure:5440: gcc -o conftest -g -O2   conftest.c -lm  >&5
configure:5440: $? = 0
configure:5440: result: yes
configure:5440: checking for memset
configure:5440: gcc -o conftest -g -O2   conftest.c -lm  >&5
conftest.c:70:6: warning: conflicting types for built-in function 'memset' [enabled by default]
 char memset ();
      ^
configure:5440: $? = 0
configure:5440: result: yes
configure:5440: checking for rint
configure:5440: gcc -o conftest -g -O2   conftest.c -lm  >&5
conftest.c:71:6: warning: conflicting types for built-in function 'rint' [enabled by default]
 char rint ();
      ^
configure:5440: $? = 0
configure:5440: result: yes
configure:5440: checking for select
configure:5440: gcc -o conftest -g -O2   conftest.c -lm  >&5
configure:5440: $? = 0
configure:5440: result: yes
configure:5440: checking for socket
configure:5440: gcc -o conftest -g -O2   conftest.c -lm  >&5
configure:5440: $? = 0
configure:5440: result: yes
configure:5440: checking for sqrt
configure:5440: gcc -o conftest -g -O2   conftest.c -lm  >&5
conftest.c:74:6: warning: conflicting types for built-in function 'sqrt' [enabled by default]
 char sqrt ();
      ^
configure:5440: $? = 0
configure:5440: result: yes
configure:5440: checking for strtol
configure:5440: gcc -o conftest -g -O2   conftest.c -lm  >&5
configure:5440: $? = 0
configure:5440: result: yes
configure:5499: checking for boostlib >= 1.32.0
configure:5553: g++ -c -g -O2  -I/usr/include conftest.cpp >&5
configure:5553: $? = 0
configure:5555: result: yes
configure:5717: checking for X
configure:5825: gcc -E  -I/usr/include conftest.c
configure:5825: $? = 0
configure:5856: gcc -o conftest -g -O2  -I/usr/include  -L/usr/lib conftest.c -lX11 -lm  >&5
configure:5856: $? = 0
configure:5906: result: libraries , headers 
configure:6005: gcc -o conftest -g -O2  -I/usr/include  -L/usr/lib conftest.c -lm   -lX11 >&5
configure:6005: $? = 0
configure:6103: checking for gethostbyname
configure:6103: result: yes
configure:6200: checking for connect
configure:6200: gcc -o conftest -g -O2  -I/usr/include  -L/usr/lib conftest.c -lm  >&5
configure:6200: $? = 0
configure:6200: result: yes
configure:6249: checking for remove
configure:6249: gcc -o conftest -g -O2  -I/usr/include  -L/usr/lib conftest.c -lm  >&5
configure:6249: $? = 0
configure:6249: result: yes
configure:6298: checking for shmat
configure:6298: gcc -o conftest -g -O2  -I/usr/include  -L/usr/lib conftest.c -lm  >&5
configure:6298: $? = 0
configure:6298: result: yes
configure:6356: checking for IceConnectionNumber in -lICE
configure:6381: gcc -o conftest -g -O2  -I/usr/include  -L/usr/lib conftest.c -lICE  -lm  >&5
configure:6381: $? = 0
configure:6390: result: yes
configure:6410: checking for XpmCreatePixmapFromData in -lXpm
configure:6435: gcc -o conftest -g -O2  -I/usr/include  -L/usr/lib  conftest.c -lXpm  -lm  >&5
configure:6435: $? = 0
configure:6444: result: yes
configure:6452: checking X11/xpm.h usability
configure:6452: gcc -c -g -O2  -I/usr/include conftest.c >&5
configure:6452: $? = 0
configure:6452: result: yes
configure:6452: checking X11/xpm.h presence
configure:6452: gcc -E  -I/usr/include conftest.c
configure:6452: $? = 0
configure:6452: result: yes
configure:6452: checking for X11/xpm.h
configure:6452: result: yes
configure:6462: checking for XFree in -lX11
configure:6487: gcc -o conftest -g -O2  -I/usr/include  -L/usr/lib  conftest.c -lX11  -lm  >&5
configure:6487: $? = 0
configure:6496: result: yes
configure:6654: creating ./config.status

## ---------------------- ##
## Running config.status. ##
## ---------------------- ##

This file was extended by rcssmonitor_frameview config.status 14.0.0, which was
generated by GNU Autoconf 2.64.  Invocation command line was

  CONFIG_FILES    = 
  CONFIG_HEADERS  = 
  CONFIG_LINKS    = 
  CONFIG_COMMANDS = 
  $ ./config.status 

on prakhar-Inspiron-7520

config.status:898: creating Makefile
config.status:898: creating src/Makefile
config.status:898: creating config.h
config.status:1070: config.h is unchanged
config.status:1118: executing depfiles commands

## ---------------- ##
## Cache variables. ##
## ---------------- ##

ac_cv_c_compiler_gnu=yes
ac_cv_c_const=yes
ac_cv_c_inline=inline
ac_cv_c_int16_t=yes
ac_cv_c_int32_t=yes
ac_cv_cxx_compiler_gnu=yes
ac_cv_cxx_have_sstream=yes
ac_cv_cxx_namespaces=yes
ac_cv_env_CCC_set=
ac_cv_env_CCC_value=
ac_cv_env_CC_set=
ac_cv_env_CC_value=
ac_cv_env_CFLAGS_set=
ac_cv_env_CFLAGS_value=
ac_cv_env_CPPFLAGS_set=
ac_cv_env_CPPFLAGS_value=
ac_cv_env_CPP_set=
ac_cv_env_CPP_value=
ac_cv_env_CXXFLAGS_set=
ac_cv_env_CXXFLAGS_value=
ac_cv_env_CXX_set=
ac_cv_env_CXX_value=
ac_cv_env_LDFLAGS_set=
ac_cv_env_LDFLAGS_value=
ac_cv_env_LIBS_set=
ac_cv_env_LIBS_value=
ac_cv_env_XMKMF_set=
ac_cv_env_XMKMF_value=
ac_cv_env_build_alias_set=
ac_cv_env_build_alias_value=
ac_cv_env_host_alias_set=
ac_cv_env_host_alias_value=
ac_cv_env_target_alias_set=
ac_cv_env_target_alias_value=
ac_cv_func_connect=yes
ac_cv_func_floor=yes
ac_cv_func_gethostbyname=yes
ac_cv_func_gettimeofday=yes
ac_cv_func_inet_ntoa=yes
ac_cv_func_memset=yes
ac_cv_func_remove=yes
ac_cv_func_rint=yes
ac_cv_func_select=yes
ac_cv_func_select_args='int,fd_set *,struct timeval *'
ac_cv_func_shmat=yes
ac_cv_func_socket=yes
ac_cv_func_sqrt=yes
ac_cv_func_strtod=yes
ac_cv_func_strtol=yes
ac_cv_have_x='have_x=yes	ac_x_includes='\'''\''	ac_x_libraries='\'''\'''
ac_cv_header_X11_xpm_h=yes
ac_cv_header_arpa_inet_h=yes
ac_cv_header_fcntl_h=yes
ac_cv_header_inttypes_h=yes
ac_cv_header_linux_joystick_h=yes
ac_cv_header_memory_h=yes
ac_cv_header_netdb_h=yes
ac_cv_header_netinet_in_h=yes
ac_cv_header_stdbool_h=yes
ac_cv_header_stdc=yes
ac_cv_header_stdint_h=yes
ac_cv_header_stdlib_h=yes
ac_cv_header_string_h=yes
ac_cv_header_strings_h=yes
ac_cv_header_sys_ioctl_h=yes
ac_cv_header_sys_select_h=yes
ac_cv_header_sys_socket_h=yes
ac_cv_header_sys_stat_h=yes
ac_cv_header_sys_time_h=yes
ac_cv_header_sys_types_h=yes
ac_cv_header_time=yes
ac_cv_header_unistd_h=yes
ac_cv_lib_ICE_IceConnectionNumber=yes
ac_cv_lib_X11_XFree=yes
ac_cv_lib_Xpm_XpmCreatePixmapFromData=yes
ac_cv_lib_m_cos=yes
ac_cv_objext=o
ac_cv_path_EGREP='/bin/grep -E'
ac_cv_path_GREP=/bin/grep
ac_cv_path_install='/usr/bin/install -c'
ac_cv_path_mkdir=/bin/mkdir
ac_cv_prog_AWK=mawk
ac_cv_prog_CPP='gcc -E'
ac_cv_prog_ac_ct_CC=gcc
ac_cv_prog_ac_ct_CXX=g++
ac_cv_prog_cc_c89=
ac_cv_prog_cc_g=yes
ac_cv_prog_cxx_g=yes
ac_cv_prog_gcc_traditional=no
ac_cv_prog_make_make_set=yes
ac_cv_type__Bool=yes
ac_cv_type_size_t=yes
ac_cv_type_socklen_t=yes
am_cv_CC_dependencies_compiler_type=gcc3
am_cv_CXX_dependencies_compiler_type=gcc3

## ----------------- ##
## Output variables. ##
## ----------------- ##

ACLOCAL='${SHELL} /home/prakhar/projects/AI/robocup/rcssmonitor_frameview/missing --run aclocal-1.11'
AMDEPBACKSLASH='\'
AMDEP_FALSE='#'
AMDEP_TRUE=''
AMTAR='${SHELL} /home/prakhar/projects/AI/robocup/rcssmonitor_frameview/missing --run tar'
AUTOCONF='${SHELL} /home/prakhar/projects/AI/robocup/rcssmonitor_frameview/missing --run autoconf'
AUTOHEADER='${SHELL} /home/prakhar/projects/AI/robocup/rcssmonitor_frameview/missing --run autoheader'
AUTOMAKE='${SHELL} /home/prakhar/projects/AI/robocup/rcssmonitor_frameview/missing --run automake-1.11'
AWK='mawk'
BOOST_CPPFLAGS='-I/usr/include'
BOOST_LDFLAGS='-L/usr/lib'
CC='gcc'
CCDEPMODE='depmode=gcc3'
CFLAGS='-g -O2'
CLIENT2DVIEW='client2dview'
COMP_FLAGS=''
CPP='gcc -E'
CPPFLAGS=' -I/usr/include'
CXX='g++'
CXXDEPMODE='depmode=gcc3'
CXXFLAGS='-g -O2'
CYGPATH_W='echo'
DEFS='-DHAVE_CONFIG_H'
DEPDIR='.deps'
ECHO_C=''
ECHO_N='-n'
ECHO_T=''
EGREP='/bin/grep -E'
EXEEXT=''
GREP='/bin/grep'
INSTALL_DATA='${INSTALL} -m 644'
INSTALL_PROGRAM='${INSTALL}'
INSTALL_SCRIPT='${INSTALL}'
INSTALL_STRIP_PROGRAM='$(install_sh) -c -s'
LDFLAGS=' -L/usr/lib'
LIBOBJS=''
LIBS='-lm '
LTLIBOBJS=''
MAKEINFO='${SHELL} /home/prakhar/projects/AI/robocup/rcssmonitor_frameview/missing --run makeinfo'
MKDIR_P='/bin/mkdir -p'
OBJEXT='o'
PACKAGE='rcssmonitor_frameview'
PACKAGE_BUGREPORT='sserver-admin@users.sf.net'
PACKAGE_NAME='rcssmonitor_frameview'
PACKAGE_STRING='rcssmonitor_frameview 14.0.0'
PACKAGE_TARNAME='rcssmonitor_frameview'
PACKAGE_URL=''
PACKAGE_VERSION='14.0.0'
PATH_SEPARATOR=':'
POW_LIB=''
SET_MAKE=''
SHELL='/bin/bash'
STRIP=''
VERSION='14.0.0'
XMKMF=''
X_CFLAGS=''
X_EXTRA_LIBS=''
X_LIBS=' -lXpm -lX11'
X_PRE_LIBS=' -lSM -lICE'
ac_ct_CC='gcc'
ac_ct_CXX='g++'
am__EXEEXT_FALSE=''
am__EXEEXT_TRUE='#'
am__fastdepCC_FALSE='#'
am__fastdepCC_TRUE=''
am__fastdepCXX_FALSE='#'
am__fastdepCXX_TRUE=''
am__include='include'
am__isrc=''
am__leading_dot='.'
am__quote=''
am__tar='${AMTAR} chof - "$$tardir"'
am__untar='${AMTAR} xf -'
bindir='${exec_prefix}/bin'
build_alias=''
datadir='${datarootdir}'
datarootdir='${prefix}/share'
docdir='${datarootdir}/doc/${PACKAGE_TARNAME}'
dvidir='${docdir}'
exec_prefix='${prefix}'
host_alias=''
htmldir='${docdir}'
includedir='${prefix}/include'
infodir='${datarootdir}/info'
install_sh='${SHELL} /home/prakhar/projects/AI/robocup/rcssmonitor_frameview/install-sh'
libdir='${exec_prefix}/lib'
libexecdir='${exec_prefix}/libexec'
localedir='${datarootdir}/locale'
localstatedir='${prefix}/var'
mandir='${datarootdir}/man'
mkdir_p='/bin/mkdir -p'
oldincludedir='/usr/include'
pdfdir='${docdir}'
prefix='/usr/local'
program_transform_name='s,x,x,'
psdir='${docdir}'
sbindir='${exec_prefix}/sbin'
sharedstatedir='${prefix}/com'
sysconfdir='${prefix}/etc'
target_alias=''

## ----------- ##
## confdefs.h. ##
## ----------- ##

/* confdefs.h */
#define PACKAGE_NAME "rcssmonitor_frameview"
#define PACKAGE_TARNAME "rcssmonitor_frameview"
#define PACKAGE_VERSION "14.0.0"
#define PACKAGE_STRING "rcssmonitor_frameview 14.0.0"
#define PACKAGE_BUGREPORT "sserver-admin@users.sf.net"
#define PACKAGE_URL ""
#define PACKAGE "rcssmonitor_frameview"
#define VERSION "14.0.0"
#define HAVE_LIBM 1
#define STDC_HEADERS 1
#define HAVE_SYS_TYPES_H 1
#define HAVE_SYS_STAT_H 1
#define HAVE_STDLIB_H 1
#define HAVE_STRING_H 1
#define HAVE_MEMORY_H 1
#define HAVE_STRINGS_H 1
#define HAVE_INTTYPES_H 1
#define HAVE_STDINT_H 1
#define HAVE_UNISTD_H 1
#define HAVE_ARPA_INET_H 1
#define HAVE_FCNTL_H 1
#define HAVE_NETDB_H 1
#define HAVE_NETINET_IN_H 1
#define HAVE_SYS_IOCTL_H 1
#define HAVE_SYS_SOCKET_H 1
#define HAVE_SYS_TIME_H 1
#define HAVE_UNISTD_H 1
#define HAVE_LINUX_JOYSTICK_H 1
#define HAVE_NAMESPACES /**/
#define HAVE_SSTREAM /**/
#define HAVE__BOOL 1
#define HAVE_STDBOOL_H 1
#define TIME_WITH_SYS_TIME 1
#define HAVE_SOCKLEN_T 1
#define STDC_HEADERS 1
#define HAVE_SYS_SELECT_H 1
#define HAVE_SYS_SOCKET_H 1
#define SELECT_TYPE_ARG1 int
#define SELECT_TYPE_ARG234 (fd_set *)
#define SELECT_TYPE_ARG5 (struct timeval *)
#define HAVE_FLOOR 1
#define HAVE_GETHOSTBYNAME 1
#define HAVE_GETTIMEOFDAY 1
#define HAVE_INET_NTOA 1
#define HAVE_MEMSET 1
#define HAVE_RINT 1
#define HAVE_SELECT 1
#define HAVE_SOCKET 1
#define HAVE_SQRT 1
#define HAVE_STRTOL 1
#define HAVE_BOOST /**/
#define HAVE_XPM_H /**/
#define PACKAGE_VERSION "rcssmonitor_frameview-14.0.0"

configure: exit 0
